<?xml version="1.0" encoding="UTF-8"?>
<testsuite xmlns:xsi="http://www.w3.org/2001/XMLSchema-instance" xsi:noNamespaceSchemaLocation="https://maven.apache.org/surefire/maven-surefire-plugin/xsd/surefire-test-report-3.0.xsd" version="3.0" name="com.mimaraslan.AppMainTests" time="3.579" tests="1" errors="0" skipped="0" failures="0">
  <properties>
[...]
</properties>
  <testcase name="contextLoads" classname="com.mimaraslan.AppMainTests" time="0.883">
    <system-out><![CDATA[15:07:51.889 [main] INFO org.springframework.test.context.support.AnnotationConfigContextLoaderUtils -- Could not detect default configuration classes for test class [com.mimaraslan.AppMainTests]: AppMainTests does not declare any static, non-private, non-final, nested classes annotated with @Configuration.
15:07:52.006 [main] INFO org.springframework.boot.test.context.SpringBootTestContextBootstrapper -- Found @SpringBootConfiguration com.mimaraslan.AppMain for test class com.mimaraslan.AppMainTests

  .   ____          _            __ _ _
 /\\ / ___'_ __ _ _(_)_ __  __ _ \ \ \ \
( ( )\___ | '_ | '_| | '_ \/ _` | \ \ \ \
 \\/  ___)| |_)| | | | | || (_| |  ) ) ) )
  '  |____| .__|_| |_|_| |_\__, | / / / /
 =========|_|==============|___/=/_/_/_/

 :: Spring Boot ::                (v3.3.3)

2024-08-31T15:07:52.397+03:00  INFO 34528 --- [java-044-devops-hello] [           main] com.mimaraslan.AppMainTests              : Starting AppMainTests using Java 21.0.3 with PID 34528 (started by Aslan in C:\Users\Aslan\Documents\workspace\java-044-devops-hello)
2024-08-31T15:07:52.399+03:00  INFO 34528 --- [java-044-devops-hello] [           main] com.mimaraslan.AppMainTests              : No active profile set, falling back to 1 default profile: "default"
2024-08-31T15:07:54.166+03:00  INFO 34528 --- [java-044-devops-hello] [           main] o.s.b.a.e.web.EndpointLinksResolver      : Exposing 1 endpoint beneath base path '/actuator'
2024-08-31T15:07:54.241+03:00  INFO 34528 --- [java-044-devops-hello] [           main] com.mimaraslan.AppMainTests              : Started AppMainTests in 2.08 seconds (process running for 3.014)
]]></system-out>
    <system-err><![CDATA[WARNING: A Java agent has been loaded dynamically (C:\Users\Aslan\.m2\repository\net\bytebuddy\byte-buddy-agent\1.14.19\byte-buddy-agent-1.14.19.jar)
WARNING: If a serviceability tool is in use, please run with -XX:+EnableDynamicAgentLoading to hide this warning
WARNING: If a serviceability tool is not in use, please run with -Djdk.instrument.traceUsage for more information
WARNING: Dynamic loading of agents will be disallowed by default in a future release
]]></system-err>
  </testcase>
</testsuite>